c:\users\admin\source\repos\csopesy-os-emulator\csopesy-os-emulator\csopesy-os-emulator\x64\debug\vc143.pdb
c:\users\admin\source\repos\csopesy-os-emulator\csopesy-os-emulator\csopesy-os-emulator\x64\debug\vc143.idb
c:\users\admin\source\repos\csopesy-os-emulator\csopesy-os-emulator\csopesy-os-emulator\x64\debug\icommand.obj
c:\users\admin\source\repos\csopesy-os-emulator\csopesy-os-emulator\csopesy-os-emulator\x64\debug\schedulerworker.obj
c:\users\admin\source\repos\csopesy-os-emulator\csopesy-os-emulator\csopesy-os-emulator\x64\debug\ietthread.obj
c:\users\admin\source\repos\csopesy-os-emulator\csopesy-os-emulator\csopesy-os-emulator\x64\debug\printcommand.obj
c:\users\admin\source\repos\csopesy-os-emulator\csopesy-os-emulator\csopesy-os-emulator\x64\debug\iocommand.obj
c:\users\admin\source\repos\csopesy-os-emulator\csopesy-os-emulator\csopesy-os-emulator\x64\debug\globalscheduler.obj
c:\users\admin\source\repos\csopesy-os-emulator\csopesy-os-emulator\csopesy-os-emulator\x64\debug\fcfsscheduler.obj
c:\users\admin\source\repos\csopesy-os-emulator\csopesy-os-emulator\csopesy-os-emulator\x64\debug\ascheduler.obj
c:\users\admin\source\repos\csopesy-os-emulator\csopesy-os-emulator\csopesy-os-emulator\x64\debug\marqueeconsole.obj
c:\users\admin\source\repos\csopesy-os-emulator\csopesy-os-emulator\csopesy-os-emulator\x64\debug\process.obj
c:\users\admin\source\repos\csopesy-os-emulator\csopesy-os-emulator\csopesy-os-emulator\x64\debug\mainconsole.obj
c:\users\admin\source\repos\csopesy-os-emulator\csopesy-os-emulator\csopesy-os-emulator\x64\debug\basescreen.obj
c:\users\admin\source\repos\csopesy-os-emulator\csopesy-os-emulator\csopesy-os-emulator\x64\debug\aconsole.obj
c:\users\admin\source\repos\csopesy-os-emulator\csopesy-os-emulator\csopesy-os-emulator\x64\debug\consolemanager.obj
c:\users\admin\source\repos\csopesy-os-emulator\csopesy-os-emulator\csopesy-os-emulator\x64\debug\common.obj
c:\users\admin\source\repos\csopesy-os-emulator\csopesy-os-emulator\csopesy-os-emulator\x64\debug\csopesy-os-emulator.obj
c:\users\tean concio\documents\test_applications\c++\csopesy-os-emulator\csopesy-os-emulator\x64\debug\vc143.pdb
c:\users\tean concio\documents\test_applications\c++\csopesy-os-emulator\csopesy-os-emulator\x64\debug\vc143.idb
c:\users\tean concio\documents\test_applications\c++\csopesy-os-emulator\csopesy-os-emulator\x64\debug\icommand.obj
c:\users\tean concio\documents\test_applications\c++\csopesy-os-emulator\csopesy-os-emulator\x64\debug\ietthread.obj
c:\users\tean concio\documents\test_applications\c++\csopesy-os-emulator\csopesy-os-emulator\x64\debug\printcommand.obj
c:\users\tean concio\documents\test_applications\c++\csopesy-os-emulator\csopesy-os-emulator\x64\debug\iocommand.obj
c:\users\tean concio\documents\test_applications\c++\csopesy-os-emulator\csopesy-os-emulator\x64\debug\ascheduler.obj
c:\users\tean concio\documents\test_applications\c++\csopesy-os-emulator\csopesy-os-emulator\x64\debug\marqueeconsole.obj
c:\users\tean concio\documents\test_applications\c++\csopesy-os-emulator\csopesy-os-emulator\x64\debug\process.obj
c:\users\tean concio\documents\test_applications\c++\csopesy-os-emulator\csopesy-os-emulator\x64\debug\mainconsole.obj
c:\users\tean concio\documents\test_applications\c++\csopesy-os-emulator\csopesy-os-emulator\x64\debug\basescreen.obj
c:\users\tean concio\documents\test_applications\c++\csopesy-os-emulator\csopesy-os-emulator\x64\debug\aconsole.obj
c:\users\tean concio\documents\test_applications\c++\csopesy-os-emulator\csopesy-os-emulator\x64\debug\consolemanager.obj
c:\users\tean concio\documents\test_applications\c++\csopesy-os-emulator\csopesy-os-emulator\x64\debug\common.obj
c:\users\tean concio\documents\test_applications\c++\csopesy-os-emulator\csopesy-os-emulator\x64\debug\schedulerworker.obj
c:\users\tean concio\documents\test_applications\c++\csopesy-os-emulator\csopesy-os-emulator\x64\debug\fcfsscheduler.obj
c:\users\tean concio\documents\test_applications\c++\csopesy-os-emulator\csopesy-os-emulator\x64\debug\csopesy-os-emulator.obj
c:\users\tean concio\documents\test_applications\c++\csopesy-os-emulator\csopesy-os-emulator\x64\debug\globalscheduler.obj
c:\users\tean concio\documents\test_applications\c++\csopesy-os-emulator\csopesy-os-emulator\x64\debug\cpucorethread.obj
c:\users\admin\source\repos\csopesy-os-emulator\csopesy-os-emulator\x64\debug\csopesy-os-emulator.exe
c:\users\admin\source\repos\csopesy-os-emulator\csopesy-os-emulator\x64\debug\csopesy-os-emulator.pdb
c:\users\admin\source\repos\csopesy-os-emulator\csopesy-os-emulator\csopesy-os-emulator\x64\debug\csopesy-os-emulator.ilk
c:\users\tean concio\documents\test_applications\c++\csopesy-os-emulator\csopesy-os-emulator\x64\debug\csopesy-os-emulator.ilk
c:\users\tean concio\documents\test_applications\c++\csopesy-os-emulator\x64\debug\csopesy-os-emulator.pdb
c:\users\tean concio\documents\test_applications\c++\csopesy-os-emulator\x64\debug\csopesy-os-emulator.exe
c:\users\tean concio\documents\test_applications\c++\csopesy-os-emulator\csopesy-os-emulator\x64\debug\csopesy-.1317f8bd.tlog\cl.command.1.tlog
c:\users\tean concio\documents\test_applications\c++\csopesy-os-emulator\csopesy-os-emulator\x64\debug\csopesy-.1317f8bd.tlog\cl.items.tlog
c:\users\tean concio\documents\test_applications\c++\csopesy-os-emulator\csopesy-os-emulator\x64\debug\csopesy-.1317f8bd.tlog\cl.read.1.tlog
c:\users\tean concio\documents\test_applications\c++\csopesy-os-emulator\csopesy-os-emulator\x64\debug\csopesy-.1317f8bd.tlog\cl.write.1.tlog
c:\users\tean concio\documents\test_applications\c++\csopesy-os-emulator\csopesy-os-emulator\x64\debug\csopesy-.1317f8bd.tlog\link-cvtres.read.1.tlog
c:\users\tean concio\documents\test_applications\c++\csopesy-os-emulator\csopesy-os-emulator\x64\debug\csopesy-.1317f8bd.tlog\link-cvtres.write.1.tlog
c:\users\tean concio\documents\test_applications\c++\csopesy-os-emulator\csopesy-os-emulator\x64\debug\csopesy-.1317f8bd.tlog\link-rc.read.1.tlog
c:\users\tean concio\documents\test_applications\c++\csopesy-os-emulator\csopesy-os-emulator\x64\debug\csopesy-.1317f8bd.tlog\link-rc.write.1.tlog
c:\users\tean concio\documents\test_applications\c++\csopesy-os-emulator\csopesy-os-emulator\x64\debug\csopesy-.1317f8bd.tlog\link.command.1.tlog
c:\users\tean concio\documents\test_applications\c++\csopesy-os-emulator\csopesy-os-emulator\x64\debug\csopesy-.1317f8bd.tlog\link.read.1.tlog
c:\users\tean concio\documents\test_applications\c++\csopesy-os-emulator\csopesy-os-emulator\x64\debug\csopesy-.1317f8bd.tlog\link.read.14.tlog
c:\users\tean concio\documents\test_applications\c++\csopesy-os-emulator\csopesy-os-emulator\x64\debug\csopesy-.1317f8bd.tlog\link.read.2.tlog
c:\users\tean concio\documents\test_applications\c++\csopesy-os-emulator\csopesy-os-emulator\x64\debug\csopesy-.1317f8bd.tlog\link.read.3.tlog
c:\users\tean concio\documents\test_applications\c++\csopesy-os-emulator\csopesy-os-emulator\x64\debug\csopesy-.1317f8bd.tlog\link.read.4.tlog
c:\users\tean concio\documents\test_applications\c++\csopesy-os-emulator\csopesy-os-emulator\x64\debug\csopesy-.1317f8bd.tlog\link.read.5.tlog
c:\users\tean concio\documents\test_applications\c++\csopesy-os-emulator\csopesy-os-emulator\x64\debug\csopesy-.1317f8bd.tlog\link.secondary.1.tlog
c:\users\tean concio\documents\test_applications\c++\csopesy-os-emulator\csopesy-os-emulator\x64\debug\csopesy-.1317f8bd.tlog\link.write.1.tlog
