  CSOPESY-OS-Emulator.cpp
  AScheduler.cpp
  FCFSScheduler.cpp
  GlobalScheduler.cpp
  ICommand.h
  PrintCommand.cpp
  ConsoleManager.cpp
C:\Users\admin\source\repos\CSOPESY-OS-Emulator\CSOPESY-OS-Emulator\CSOPESY-OS-Emulator\src\Consoles\MarqueeConsole.h(36,42): warning C4267: 'initializing': conversion from 'size_t' to 'int', possible loss of data
  (compiling source file 'src/ConsoleManager.cpp')
  
  AConsole.cpp
  BaseScreen.cpp
  MainConsole.cpp
  MarqueeConsole.cpp
C:\Users\admin\source\repos\CSOPESY-OS-Emulator\CSOPESY-OS-Emulator\CSOPESY-OS-Emulator\src\Consoles\MarqueeConsole.h(36,42): warning C4267: 'initializing': conversion from 'size_t' to 'int', possible loss of data
  (compiling source file 'src/Consoles/MarqueeConsole.cpp')
  
  Process.cpp
C:\Users\admin\source\repos\CSOPESY-OS-Emulator\CSOPESY-OS-Emulator\CSOPESY-OS-Emulator\src\Process.cpp(47,34): warning C4267: 'return': conversion from 'size_t' to 'int', possible loss of data
C:\Users\admin\source\repos\CSOPESY-OS-Emulator\CSOPESY-OS-Emulator\CSOPESY-OS-Emulator\src\Process.cpp(57,31): warning C4267: 'return': conversion from 'size_t' to 'int', possible loss of data
  IETThread.cpp
  SchedulerWorker.cpp
  Generating Code...
  CSOPESY-OS-Emulator.vcxproj -> C:\Users\admin\source\repos\CSOPESY-OS-Emulator\CSOPESY-OS-Emulator\x64\Debug\CSOPESY-OS-Emulator.exe
